[debug] [2026-07-14T19:30:49.479Z] ----------------------------------------------------------------------
[debug] [2026-07-14T19:30:49.483Z] Command:       C:\Program Files\nodejs\node.exe C:\Users\princ\AppData\Roaming\npm\node_modules\firebase-tools\lib\bin\firebase.js deploy
[debug] [2026-07-14T19:30:49.484Z] CLI Version:   15.1.0
[debug] [2026-07-14T19:30:49.484Z] Platform:      win32
[debug] [2026-07-14T19:30:49.484Z] Node Version:  v24.11.1
[debug] [2026-07-14T19:30:49.484Z] Time:          Wed Jul 15 2026 01:00:49 GMT+0530 (India Standard Time)
[debug] [2026-07-14T19:30:49.484Z] ----------------------------------------------------------------------
[debug] 
[debug] [2026-07-14T19:31:01.768Z] Error: Timed out.
    at Timeout._onTimeout (C:\Users\princ\AppData\Roaming\npm\node_modules\firebase-tools\lib\utils.js:275:49)
    at listOnTimeout (node:internal/timers:605:17)
    at process.processTimers (node:internal/timers:541:7)
[error] 
[error] Error: An unexpected error has occurred.
[debug] [2026-07-14T19:31:08.855Z] ----------------------------------------------------------------------
[debug] [2026-07-14T19:31:08.859Z] Command:       C:\Program Files\nodejs\node.exe C:\Users\princ\AppData\Roaming\npm\node_modules\firebase-tools\lib\bin\firebase.js projects:list
[debug] [2026-07-14T19:31:08.859Z] CLI Version:   15.1.0
[debug] [2026-07-14T19:31:08.859Z] Platform:      win32
[debug] [2026-07-14T19:31:08.859Z] Node Version:  v24.11.1
[debug] [2026-07-14T19:31:08.859Z] Time:          Wed Jul 15 2026 01:01:08 GMT+0530 (India Standard Time)
[debug] [2026-07-14T19:31:08.859Z] ----------------------------------------------------------------------
[debug] 
[debug] [2026-07-14T19:31:09.097Z] > command requires scopes: ["email","openid","https://www.googleapis.com/auth/cloudplatformprojects.readonly","https://www.googleapis.com/auth/firebase","https://www.googleapis.com/auth/cloud-platform"]
[debug] [2026-07-14T19:31:09.097Z] > authorizing via signed-in user (princemehra9024@gmail.com)
[debug] [2026-07-14T19:31:09.104Z] Checked if tokens are valid: false, expires at: 1770960292267
[debug] [2026-07-14T19:31:09.104Z] Checked if tokens are valid: false, expires at: 1770960292267
[debug] [2026-07-14T19:31:09.104Z] > refreshing access token with scopes: []
[debug] [2026-07-14T19:31:09.106Z] >>> [apiv2][query] POST https://www.googleapis.com/oauth2/v3/token [none]
[debug] [2026-07-14T19:31:09.106Z] >>> [apiv2][body] POST https://www.googleapis.com/oauth2/v3/token [omitted]
[debug] [2026-07-14T19:31:09.344Z] <<< [apiv2][status] POST https://www.googleapis.com/oauth2/v3/token 400
[debug] [2026-07-14T19:31:09.344Z] <<< [apiv2][body] POST https://www.googleapis.com/oauth2/v3/token [omitted]
[debug] [2026-07-14T19:31:09.344Z] >>> [apiv2][query] GET https://firebase.googleapis.com/v1beta1/projects pageSize=1000
[debug] [2026-07-14T19:31:09.661Z] <<< [apiv2][status] GET https://firebase.googleapis.com/v1beta1/projects 401
[debug] [2026-07-14T19:31:09.661Z] <<< [apiv2][body] GET https://firebase.googleapis.com/v1beta1/projects [omitted]
[debug] [2026-07-14T19:31:09.661Z] Got a 401 Unauthenticated error for a call that required authentication. Refreshing tokens.
[debug] [2026-07-14T19:31:09.661Z] Checked if tokens are valid: false, expires at: 1770960292267
[debug] [2026-07-14T19:31:09.661Z] Checked if tokens are valid: false, expires at: 1770960292267
[debug] [2026-07-14T19:31:09.661Z] > refreshing access token with scopes: []
[debug] [2026-07-14T19:31:09.661Z] >>> [apiv2][query] POST https://www.googleapis.com/oauth2/v3/token [none]
[debug] [2026-07-14T19:31:09.661Z] >>> [apiv2][body] POST https://www.googleapis.com/oauth2/v3/token [omitted]
[debug] [2026-07-14T19:31:09.770Z] <<< [apiv2][status] POST https://www.googleapis.com/oauth2/v3/token 400
[debug] [2026-07-14T19:31:09.770Z] <<< [apiv2][body] POST https://www.googleapis.com/oauth2/v3/token [omitted]
[debug] [2026-07-14T19:31:09.771Z] Request to https://firebase.googleapis.com/v1beta1/projects?pageSize=1000 had HTTP Error: 401, Request had invalid authentication credentials. Expected OAuth 2 access token, login cookie or other valid authentication credential. See https://developers.google.com/identity/sign-in/web/devconsole-project.
[debug] [2026-07-14T19:31:09.948Z] FirebaseError: Request to https://firebase.googleapis.com/v1beta1/projects?pageSize=1000 had HTTP Error: 401, Request had invalid authentication credentials. Expected OAuth 2 access token, login cookie or other valid authentication credential. See https://developers.google.com/identity/sign-in/web/devconsole-project.
    at responseToError (C:\Users\princ\AppData\Roaming\npm\node_modules\firebase-tools\lib\responseToError.js:53:12)
    at RetryOperation._fn (C:\Users\princ\AppData\Roaming\npm\node_modules\firebase-tools\lib\apiv2.js:322:77)
    at process.processTicksAndRejections (node:internal/process/task_queues:103:5)
[error] 
[error] Error: Failed to list Firebase projects. See firebase-debug.log for more info.
